mode: set
github.com/quzhixue-Kimi/gosample/stringsample/str.go:7.28,9.2 1 0
github.com/quzhixue-Kimi/gosample/stringsample/str.go:11.26,13.2 1 0
github.com/quzhixue-Kimi/gosample/stringsample/stringsample.go:9.27,12.30 3 0
github.com/quzhixue-Kimi/gosample/stringsample/stringsample.go:15.2,16.46 2 0
github.com/quzhixue-Kimi/gosample/stringsample/stringsample.go:12.30,14.3 1 0
github.com/quzhixue-Kimi/gosample/stringsample/stringsample.go:19.27,20.30 1 0
github.com/quzhixue-Kimi/gosample/stringsample/stringsample.go:23.2,24.46 2 0
github.com/quzhixue-Kimi/gosample/stringsample/stringsample.go:20.30,22.3 1 0
github.com/quzhixue-Kimi/gosample/stringsample/stringsample.go:27.28,29.34 2 0
github.com/quzhixue-Kimi/gosample/stringsample/stringsample.go:32.2,33.46 2 0
github.com/quzhixue-Kimi/gosample/stringsample/stringsample.go:29.34,31.3 1 0
github.com/quzhixue-Kimi/gosample/stringsample/stringsample.go:36.28,37.29 1 0
github.com/quzhixue-Kimi/gosample/stringsample/stringsample.go:40.2,44.18 4 0
github.com/quzhixue-Kimi/gosample/stringsample/stringsample.go:37.29,39.3 1 0
github.com/quzhixue-Kimi/gosample/stringsample/stringsample.go:47.23,49.2 1 0
github.com/quzhixue-Kimi/gosample/stringsample/stringsample.go:51.30,54.2 2 0
github.com/quzhixue-Kimi/gosample/stringsample/stringsample.go:56.38,59.17 3 1
github.com/quzhixue-Kimi/gosample/stringsample/stringsample.go:64.2,65.15 2 1
github.com/quzhixue-Kimi/gosample/stringsample/stringsample.go:59.17,63.3 3 1
